<?xml version="1.0" encoding="UTF-8"?>
<!-- Generated by org.testng.reporters.JUnitReportReporter -->
<testsuite hostname="COFTN-LAP-622" failures="0" tests="1" name="part1.FirstSeleniumTest" time="2.132" errors="0" timestamp="2025-02-20T14:27:19 GMT+01:00" skipped="0">
  <testcase classname="part1.FirstSeleniumTest" name="testLoggingIntoApp" time="2.132">
    <system-out>
      <![CDATA[Current URL: https://opensource-demo.orangehrmlive.com/web/index.php/auth/login
Step 3: Entering username 'Admin'
Step 4: Entering password
Step 5: Clicking login button
Step 6: Waiting for dashboard to load
Login successful!]]>
    </system-out>
  </testcase> <!-- testLoggingIntoApp -->
  <system-out>
    <![CDATA[Step 1: Launching Chrome browser
Step 2: Navigating to OrangeHRM login page
Current URL: https://opensource-demo.orangehrmlive.com/web/index.php/auth/login
Step 3: Entering username 'Admin'
Step 4: Entering password
Step 5: Clicking login button
Step 6: Waiting for dashboard to load
Login successful!
Waiting for 3 seconds before closing the browser...
Closing browser
Step 1: Launching Chrome browser
Step 2: Navigating to OrangeHRM login page
Current URL: https://opensource-demo.orangehrmlive.com/web/index.php/auth/login
Step 3: Entering username 'Admin'
Step 4: Entering invalid password
Step 5: Clicking login button
Step 6: Waiting for error message
Error message: Invalid credentials
Login failed as expected.
Waiting for 3 seconds before closing the browser...
Closing browser]]>
  </system-out>
</testsuite> <!-- part1.FirstSeleniumTest -->
